Step:306	{"metric": {"SpanFPreRecMetric": {"f": 0.0, "pre": 0.0, "rec": 0.0}, "AccuracyMetric": {"acc": 0.781275}, "step": 306, "epoch": 1}, "step": 306, "epoch": 1}
Step:306	{"metric": {"data_test": {"SpanFPreRecMetric": {"f": 0.0, "pre": 0.0, "rec": 0.0}, "AccuracyMetric": {"acc": 0.776356}}}, "step": 306, "epoch": 1}
Step:306	{"metric": {"data_train": {"SpanFPreRecMetric": {"f": 0.0, "pre": 0.0, "rec": 0.0}, "AccuracyMetric": {"acc": 0.774655}}}, "step": 306, "epoch": 1}
Step:612	{"metric": {"SpanFPreRecMetric": {"f": 0.071591, "pre": 0.066325, "rec": 0.077764}, "AccuracyMetric": {"acc": 0.159534}, "step": 612, "epoch": 2}, "step": 612, "epoch": 2}
Step:612	{"metric": {"data_test": {"SpanFPreRecMetric": {"f": 0.059164, "pre": 0.055707, "rec": 0.063079}, "AccuracyMetric": {"acc": 0.160399}}}, "step": 612, "epoch": 2}
Step:612	{"metric": {"data_train": {"SpanFPreRecMetric": {"f": 0.070462, "pre": 0.065941, "rec": 0.075648}, "AccuracyMetric": {"acc": 0.167148}}}, "step": 612, "epoch": 2}
Step:918	{"metric": {"SpanFPreRecMetric": {"f": 0.0, "pre": 0.0, "rec": 0.0}, "AccuracyMetric": {"acc": 0.781275}}, "step": 918, "epoch": 3}
Step:918	{"metric": {"data_test": {"SpanFPreRecMetric": {"f": 0.0, "pre": 0.0, "rec": 0.0}, "AccuracyMetric": {"acc": 0.776356}}}, "step": 918, "epoch": 3}
Step:918	{"metric": {"data_train": {"SpanFPreRecMetric": {"f": 0.0, "pre": 0.0, "rec": 0.0}, "AccuracyMetric": {"acc": 0.774655}}}, "step": 918, "epoch": 3}
Step:1224	{"metric": {"SpanFPreRecMetric": {"f": 0.27084, "pre": 0.239015, "rec": 0.312442}, "AccuracyMetric": {"acc": 0.518631}, "step": 1224, "epoch": 4}, "step": 1224, "epoch": 4}
Step:1224	{"metric": {"data_test": {"SpanFPreRecMetric": {"f": 0.252648, "pre": 0.224482, "rec": 0.288896}, "AccuracyMetric": {"acc": 0.515216}}}, "step": 1224, "epoch": 4}
Step:1224	{"metric": {"data_train": {"SpanFPreRecMetric": {"f": 0.271495, "pre": 0.24064, "rec": 0.311426}, "AccuracyMetric": {"acc": 0.524037}}}, "step": 1224, "epoch": 4}
Step:1530	{"metric": {"SpanFPreRecMetric": {"f": 0.236313, "pre": 0.184786, "rec": 0.327687}, "AccuracyMetric": {"acc": 0.324056}}, "step": 1530, "epoch": 5}
Step:1530	{"metric": {"data_test": {"SpanFPreRecMetric": {"f": 0.222287, "pre": 0.174025, "rec": 0.307592}, "AccuracyMetric": {"acc": 0.323704}}}, "step": 1530, "epoch": 5}
Step:1530	{"metric": {"data_train": {"SpanFPreRecMetric": {"f": 0.235917, "pre": 0.185378, "rec": 0.324343}, "AccuracyMetric": {"acc": 0.332731}}}, "step": 1530, "epoch": 5}
Step:1836	{"metric": {"SpanFPreRecMetric": {"f": 0.132508, "pre": 0.765854, "rec": 0.072528}, "AccuracyMetric": {"acc": 0.793072}}, "step": 1836, "epoch": 6}
Step:1836	{"metric": {"data_test": {"SpanFPreRecMetric": {"f": 0.106303, "pre": 0.672348, "rec": 0.057714}, "AccuracyMetric": {"acc": 0.784815}}}, "step": 1836, "epoch": 6}
Step:1836	{"metric": {"data_train": {"SpanFPreRecMetric": {"f": 0.135466, "pre": 0.742293, "rec": 0.074534}, "AccuracyMetric": {"acc": 0.786377}}}, "step": 1836, "epoch": 6}
Step:2142	{"metric": {"SpanFPreRecMetric": {"f": 0.397952, "pre": 0.503297, "rec": 0.329073}, "AccuracyMetric": {"acc": 0.80664}, "step": 2142, "epoch": 7}, "step": 2142, "epoch": 7}
Step:2142	{"metric": {"data_test": {"SpanFPreRecMetric": {"f": 0.367868, "pre": 0.464534, "rec": 0.304503}, "AccuracyMetric": {"acc": 0.796153}}}, "step": 2142, "epoch": 7}
Step:2142	{"metric": {"data_train": {"SpanFPreRecMetric": {"f": 0.391309, "pre": 0.490334, "rec": 0.325561}, "AccuracyMetric": {"acc": 0.796584}}}, "step": 2142, "epoch": 7}
Step:2448	{"metric": {"SpanFPreRecMetric": {"f": 0.003381, "pre": 0.916667, "rec": 0.001694}, "AccuracyMetric": {"acc": 0.781566}}, "step": 2448, "epoch": 8}
Step:2448	{"metric": {"data_test": {"SpanFPreRecMetric": {"f": 0.003893, "pre": 0.857143, "rec": 0.001951}, "AccuracyMetric": {"acc": 0.776633}}}, "step": 2448, "epoch": 8}
Step:2448	{"metric": {"data_train": {"SpanFPreRecMetric": {"f": 0.002513, "pre": 0.792208, "rec": 0.001259}, "AccuracyMetric": {"acc": 0.774832}}}, "step": 2448, "epoch": 8}
Step:2754	{"metric": {"SpanFPreRecMetric": {"f": 0.396319, "pre": 0.408704, "rec": 0.384663}, "AccuracyMetric": {"acc": 0.774896}}, "step": 2754, "epoch": 9}
Step:2754	{"metric": {"data_test": {"SpanFPreRecMetric": {"f": 0.368929, "pre": 0.381109, "rec": 0.357503}, "AccuracyMetric": {"acc": 0.757996}}}, "step": 2754, "epoch": 9}
Step:2754	{"metric": {"data_train": {"SpanFPreRecMetric": {"f": 0.383464, "pre": 0.394577, "rec": 0.37296}, "AccuracyMetric": {"acc": 0.761495}}}, "step": 2754, "epoch": 9}
Step:3060	{"metric": {"SpanFPreRecMetric": {"f": 0.027883, "pre": 0.87619, "rec": 0.014167}, "AccuracyMetric": {"acc": 0.783111}}, "step": 3060, "epoch": 10}
Step:3060	{"metric": {"data_test": {"SpanFPreRecMetric": {"f": 0.017363, "pre": 0.782609, "rec": 0.008779}, "AccuracyMetric": {"acc": 0.777388}}}, "step": 3060, "epoch": 10}
Step:3060	{"metric": {"data_train": {"SpanFPreRecMetric": {"f": 0.026036, "pre": 0.823907, "rec": 0.013227}, "AccuracyMetric": {"acc": 0.776348}}}, "step": 3060, "epoch": 10}
Step:3366	{"metric": {"SpanFPreRecMetric": {"f": 0.27663, "pre": 0.73913, "rec": 0.170157}, "AccuracyMetric": {"acc": 0.804083}}, "step": 3366, "epoch": 11}
Step:3366	{"metric": {"data_test": {"SpanFPreRecMetric": {"f": 0.242838, "pre": 0.687642, "rec": 0.147456}, "AccuracyMetric": {"acc": 0.794339}}}, "step": 3366, "epoch": 11}
Step:3366	{"metric": {"data_train": {"SpanFPreRecMetric": {"f": 0.27871, "pre": 0.722189, "rec": 0.172675}, "AccuracyMetric": {"acc": 0.797594}}}, "step": 3366, "epoch": 11}
Step:3672	{"metric": {"SpanFPreRecMetric": {"f": 0.460192, "pre": 0.501727, "rec": 0.425008}, "AccuracyMetric": {"acc": 0.798229}, "step": 3672, "epoch": 12}, "step": 3672, "epoch": 12}
Step:3672	{"metric": {"data_test": {"SpanFPreRecMetric": {"f": 0.424506, "pre": 0.468499, "rec": 0.388067}, "AccuracyMetric": {"acc": 0.790632}}}, "step": 3672, "epoch": 12}
Step:3672	{"metric": {"data_train": {"SpanFPreRecMetric": {"f": 0.443474, "pre": 0.48603, "rec": 0.407771}, "AccuracyMetric": {"acc": 0.790174}}}, "step": 3672, "epoch": 12}
Step:3978	{"metric": {"SpanFPreRecMetric": {"f": 0.446342, "pre": 0.411903, "rec": 0.487065}, "AccuracyMetric": {"acc": 0.722838}}, "step": 3978, "epoch": 13}
Step:3978	{"metric": {"data_test": {"SpanFPreRecMetric": {"f": 0.412778, "pre": 0.385418, "rec": 0.444318}, "AccuracyMetric": {"acc": 0.716799}}}, "step": 3978, "epoch": 13}
Step:3978	{"metric": {"data_train": {"SpanFPreRecMetric": {"f": 0.432637, "pre": 0.402713, "rec": 0.467366}, "AccuracyMetric": {"acc": 0.721799}}}, "step": 3978, "epoch": 13}
Step:4284	{"metric": {"SpanFPreRecMetric": {"f": 0.463789, "pre": 0.479376, "rec": 0.449184}, "AccuracyMetric": {"acc": 0.79409}, "step": 4284, "epoch": 14}, "step": 4284, "epoch": 14}
Step:4284	{"metric": {"data_test": {"SpanFPreRecMetric": {"f": 0.43013, "pre": 0.451925, "rec": 0.41034}, "AccuracyMetric": {"acc": 0.78619}}}, "step": 4284, "epoch": 14}
Step:4284	{"metric": {"data_train": {"SpanFPreRecMetric": {"f": 0.446906, "pre": 0.465177, "rec": 0.430016}, "AccuracyMetric": {"acc": 0.785136}}}, "step": 4284, "epoch": 14}
Step:4590	{"metric": {"SpanFPreRecMetric": {"f": 0.488286, "pre": 0.509715, "rec": 0.468586}, "AccuracyMetric": {"acc": 0.810038}, "step": 4590, "epoch": 15}, "step": 4590, "epoch": 15}
Step:4590	{"metric": {"data_test": {"SpanFPreRecMetric": {"f": 0.450539, "pre": 0.471561, "rec": 0.431312}, "AccuracyMetric": {"acc": 0.791562}}}, "step": 4590, "epoch": 15}
Step:4590	{"metric": {"data_train": {"SpanFPreRecMetric": {"f": 0.470488, "pre": 0.491808, "rec": 0.45094}, "AccuracyMetric": {"acc": 0.797}}}, "step": 4590, "epoch": 15}
Step:4896	{"metric": {"SpanFPreRecMetric": {"f": 0.433543, "pre": 0.678923, "rec": 0.318448}, "AccuracyMetric": {"acc": 0.824878}}, "step": 4896, "epoch": 16}
Step:4896	{"metric": {"data_test": {"SpanFPreRecMetric": {"f": 0.402509, "pre": 0.646868, "rec": 0.292148}, "AccuracyMetric": {"acc": 0.817978}}}, "step": 4896, "epoch": 16}
Step:4896	{"metric": {"data_train": {"SpanFPreRecMetric": {"f": 0.422648, "pre": 0.666741, "rec": 0.309383}, "AccuracyMetric": {"acc": 0.817862}}}, "step": 4896, "epoch": 16}
Step:5202	{"metric": {"SpanFPreRecMetric": {"f": 0.151076, "pre": 0.873171, "rec": 0.082692}, "AccuracyMetric": {"acc": 0.792318}}, "step": 5202, "epoch": 17}
Step:5202	{"metric": {"data_test": {"SpanFPreRecMetric": {"f": 0.126366, "pre": 0.799242, "rec": 0.068607}, "AccuracyMetric": {"acc": 0.784364}}}, "step": 5202, "epoch": 17}
Step:5202	{"metric": {"data_train": {"SpanFPreRecMetric": {"f": 0.149906, "pre": 0.83184, "rec": 0.082376}, "AccuracyMetric": {"acc": 0.785516}}}, "step": 5202, "epoch": 17}
Step:5508	{"metric": {"SpanFPreRecMetric": {"f": 0.298121, "pre": 0.77641, "rec": 0.184478}, "AccuracyMetric": {"acc": 0.805874}}, "step": 5508, "epoch": 18}
Step:5508	{"metric": {"data_test": {"SpanFPreRecMetric": {"f": 0.269702, "pre": 0.744306, "rec": 0.164689}, "AccuracyMetric": {"acc": 0.797036}}}, "step": 5508, "epoch": 18}
Step:5508	{"metric": {"data_train": {"SpanFPreRecMetric": {"f": 0.297653, "pre": 0.751609, "rec": 0.185572}, "AccuracyMetric": {"acc": 0.798992}}}, "step": 5508, "epoch": 18}
Step:5814	{"metric": {"SpanFPreRecMetric": {"f": 0.515625, "pre": 0.546773, "rec": 0.487835}, "AccuracyMetric": {"acc": 0.820404}, "step": 5814, "epoch": 19}, "step": 5814, "epoch": 19}
Step:5814	{"metric": {"data_test": {"SpanFPreRecMetric": {"f": 0.47959, "pre": 0.514824, "rec": 0.44887}, "AccuracyMetric": {"acc": 0.807995}}}, "step": 5814, "epoch": 19}
Step:5814	{"metric": {"data_train": {"SpanFPreRecMetric": {"f": 0.49868, "pre": 0.534061, "rec": 0.467696}, "AccuracyMetric": {"acc": 0.811359}}}, "step": 5814, "epoch": 19}
Step:6120	{"metric": {"SpanFPreRecMetric": {"f": 0.497476, "pre": 0.632969, "rec": 0.409763}, "AccuracyMetric": {"acc": 0.837535}}, "step": 6120, "epoch": 20}
Step:6120	{"metric": {"data_test": {"SpanFPreRecMetric": {"f": 0.459392, "pre": 0.59346, "rec": 0.374736}, "AccuracyMetric": {"acc": 0.828547}}}, "step": 6120, "epoch": 20}
Step:6120	{"metric": {"data_train": {"SpanFPreRecMetric": {"f": 0.481986, "pre": 0.616346, "rec": 0.39572}, "AccuracyMetric": {"acc": 0.827821}}}, "step": 6120, "epoch": 20}
Step:6426	{"metric": {"SpanFPreRecMetric": {"f": 0.387776, "pre": 0.755239, "rec": 0.260856}, "AccuracyMetric": {"acc": 0.819676}}, "step": 6426, "epoch": 21}
Step:6426	{"metric": {"data_test": {"SpanFPreRecMetric": {"f": 0.353328, "pre": 0.706485, "rec": 0.235571}, "AccuracyMetric": {"acc": 0.809701}}}, "step": 6426, "epoch": 21}
Step:6426	{"metric": {"data_train": {"SpanFPreRecMetric": {"f": 0.379627, "pre": 0.729128, "rec": 0.256619}, "AccuracyMetric": {"acc": 0.81209}}}, "step": 6426, "epoch": 21}
Step:6732	{"metric": {"SpanFPreRecMetric": {"f": 0.315467, "pre": 0.775166, "rec": 0.198029}, "AccuracyMetric": {"acc": 0.808956}}, "step": 6732, "epoch": 22}
Step:6732	{"metric": {"data_test": {"SpanFPreRecMetric": {"f": 0.287248, "pre": 0.737727, "rec": 0.178345}, "AccuracyMetric": {"acc": 0.800568}}}, "step": 6732, "epoch": 22}
Step:6732	{"metric": {"data_train": {"SpanFPreRecMetric": {"f": 0.317958, "pre": 0.754503, "rec": 0.20142}, "AccuracyMetric": {"acc": 0.802611}}}, "step": 6732, "epoch": 22}
Step:7038	{"metric": {"SpanFPreRecMetric": {"f": 0.459915, "pre": 0.38993, "rec": 0.560517}, "AccuracyMetric": {"acc": 0.605097}}, "step": 7038, "epoch": 23}
Step:7038	{"metric": {"data_test": {"SpanFPreRecMetric": {"f": 0.43204, "pre": 0.368433, "rec": 0.522192}, "AccuracyMetric": {"acc": 0.606851}}}, "step": 7038, "epoch": 23}
Step:7038	{"metric": {"data_train": {"SpanFPreRecMetric": {"f": 0.456348, "pre": 0.390225, "rec": 0.549452}, "AccuracyMetric": {"acc": 0.617799}}}, "step": 7038, "epoch": 23}
Step:7344	{"metric": {"SpanFPreRecMetric": {"f": 0.491088, "pre": 0.694844, "rec": 0.379735}, "AccuracyMetric": {"acc": 0.83558}}, "step": 7344, "epoch": 24}
Step:7344	{"metric": {"data_test": {"SpanFPreRecMetric": {"f": 0.4639, "pre": 0.664947, "rec": 0.356202}, "AccuracyMetric": {"acc": 0.829692}}}, "step": 7344, "epoch": 24}
Step:7344	{"metric": {"data_train": {"SpanFPreRecMetric": {"f": 0.484404, "pre": 0.683654, "rec": 0.375085}, "AccuracyMetric": {"acc": 0.829452}}}, "step": 7344, "epoch": 24}
Step:7650	{"metric": {"SpanFPreRecMetric": {"f": 0.494471, "pre": 0.689048, "rec": 0.385587}, "AccuracyMetric": {"acc": 0.834327}}, "step": 7650, "epoch": 25}
Step:7650	{"metric": {"data_test": {"SpanFPreRecMetric": {"f": 0.469996, "pre": 0.662526, "rec": 0.364168}, "AccuracyMetric": {"acc": 0.824994}}}, "step": 7650, "epoch": 25}
Step:7650	{"metric": {"data_train": {"SpanFPreRecMetric": {"f": 0.49159, "pre": 0.678671, "rec": 0.385361}, "AccuracyMetric": {"acc": 0.826673}}}, "step": 7650, "epoch": 25}
Step:7956	{"metric": {"SpanFPreRecMetric": {"f": 0.542396, "pre": 0.525004, "rec": 0.560979}, "AccuracyMetric": {"acc": 0.794837}, "step": 7956, "epoch": 26}, "step": 7956, "epoch": 26}
Step:7956	{"metric": {"data_test": {"SpanFPreRecMetric": {"f": 0.510429, "pre": 0.498297, "rec": 0.523167}, "AccuracyMetric": {"acc": 0.784526}}}, "step": 7956, "epoch": 26}
Step:7956	{"metric": {"data_train": {"SpanFPreRecMetric": {"f": 0.532086, "pre": 0.519736, "rec": 0.545036}, "AccuracyMetric": {"acc": 0.793316}}}, "step": 7956, "epoch": 26}
Step:8262	{"metric": {"SpanFPreRecMetric": {"f": 0.266459, "pre": 0.841244, "rec": 0.1583}, "AccuracyMetric": {"acc": 0.802735}}, "step": 8262, "epoch": 27}
Step:8262	{"metric": {"data_test": {"SpanFPreRecMetric": {"f": 0.245135, "pre": 0.8117, "rec": 0.144367}, "AccuracyMetric": {"acc": 0.795755}}}, "step": 8262, "epoch": 27}
Step:8262	{"metric": {"data_train": {"SpanFPreRecMetric": {"f": 0.269576, "pre": 0.810973, "rec": 0.161656}, "AccuracyMetric": {"acc": 0.796743}}}, "step": 8262, "epoch": 27}
Step:8568	{"metric": {"SpanFPreRecMetric": {"f": 0.542946, "pre": 0.577859, "rec": 0.512011}, "AccuracyMetric": {"acc": 0.827771}, "step": 8568, "epoch": 28}, "step": 8568, "epoch": 28}
Step:8568	{"metric": {"data_test": {"SpanFPreRecMetric": {"f": 0.509866, "pre": 0.550632, "rec": 0.47472}, "AccuracyMetric": {"acc": 0.818894}}}, "step": 8568, "epoch": 28}
Step:8568	{"metric": {"data_train": {"SpanFPreRecMetric": {"f": 0.532511, "pre": 0.572231, "rec": 0.497947}, "AccuracyMetric": {"acc": 0.823576}}}, "step": 8568, "epoch": 28}
Step:8874	{"metric": {"SpanFPreRecMetric": {"f": 0.424972, "pre": 0.76979, "rec": 0.293502}, "AccuracyMetric": {"acc": 0.823841}}, "step": 8874, "epoch": 29}
Step:8874	{"metric": {"data_test": {"SpanFPreRecMetric": {"f": 0.396914, "pre": 0.735268, "rec": 0.271826}, "AccuracyMetric": {"acc": 0.813819}}}, "step": 8874, "epoch": 29}
Step:8874	{"metric": {"data_train": {"SpanFPreRecMetric": {"f": 0.42022, "pre": 0.748876, "rec": 0.292049}, "AccuracyMetric": {"acc": 0.816507}}}, "step": 8874, "epoch": 29}
Step:9180	{"metric": {"SpanFPreRecMetric": {"f": 0.42097, "pre": 0.776719, "rec": 0.288728}, "AccuracyMetric": {"acc": 0.825518}}, "step": 9180, "epoch": 30}
Step:9180	{"metric": {"data_test": {"SpanFPreRecMetric": {"f": 0.392878, "pre": 0.741208, "rec": 0.267274}, "AccuracyMetric": {"acc": 0.816805}}}, "step": 9180, "epoch": 30}
Step:9180	{"metric": {"data_train": {"SpanFPreRecMetric": {"f": 0.418358, "pre": 0.755974, "rec": 0.289202}, "AccuracyMetric": {"acc": 0.818548}}}, "step": 9180, "epoch": 30}
Step:9486	{"metric": {"SpanFPreRecMetric": {"f": 0.555539, "pre": 0.546117, "rec": 0.565291}, "AccuracyMetric": {"acc": 0.805374}, "step": 9486, "epoch": 31}, "step": 9486, "epoch": 31}
Step:9486	{"metric": {"data_test": {"SpanFPreRecMetric": {"f": 0.524622, "pre": 0.524452, "rec": 0.524793}, "AccuracyMetric": {"acc": 0.798539}}}, "step": 9486, "epoch": 31}
Step:9486	{"metric": {"data_train": {"SpanFPreRecMetric": {"f": 0.544429, "pre": 0.540215, "rec": 0.548709}, "AccuracyMetric": {"acc": 0.804518}}}, "step": 9486, "epoch": 31}
Step:9792	{"metric": {"SpanFPreRecMetric": {"f": 0.554915, "pre": 0.539997, "rec": 0.570681}, "AccuracyMetric": {"acc": 0.799849}}, "step": 9792, "epoch": 32}
Step:9792	{"metric": {"data_test": {"SpanFPreRecMetric": {"f": 0.523988, "pre": 0.514743, "rec": 0.533572}, "AccuracyMetric": {"acc": 0.790086}}}, "step": 9792, "epoch": 32}
Step:9792	{"metric": {"data_train": {"SpanFPreRecMetric": {"f": 0.545928, "pre": 0.534012, "rec": 0.558387}, "AccuracyMetric": {"acc": 0.796026}}}, "step": 9792, "epoch": 32}
Step:10098	{"metric": {"SpanFPreRecMetric": {"f": 0.563346, "pre": 0.590971, "rec": 0.538189}, "AccuracyMetric": {"acc": 0.828758}, "step": 10098, "epoch": 33}, "step": 10098, "epoch": 33}
Step:10098	{"metric": {"data_test": {"SpanFPreRecMetric": {"f": 0.533459, "pre": 0.563949, "rec": 0.506097}, "AccuracyMetric": {"acc": 0.820714}}}, "step": 10098, "epoch": 33}
Step:10098	{"metric": {"data_train": {"SpanFPreRecMetric": {"f": 0.553853, "pre": 0.581328, "rec": 0.528858}, "AccuracyMetric": {"acc": 0.826651}}}, "step": 10098, "epoch": 33}
Step:10404	{"metric": {"SpanFPreRecMetric": {"f": 0.492201, "pre": 0.768552, "rec": 0.362026}, "AccuracyMetric": {"acc": 0.838959}}, "step": 10404, "epoch": 34}
Step:10404	{"metric": {"data_test": {"SpanFPreRecMetric": {"f": 0.460273, "pre": 0.727177, "rec": 0.336693}, "AccuracyMetric": {"acc": 0.828304}}}, "step": 10404, "epoch": 34}
Step:10404	{"metric": {"data_train": {"SpanFPreRecMetric": {"f": 0.486333, "pre": 0.746158, "rec": 0.360723}, "AccuracyMetric": {"acc": 0.830927}}}, "step": 10404, "epoch": 34}
Step:10710	{"metric": {"SpanFPreRecMetric": {"f": 0.56438, "pre": 0.665969, "rec": 0.489683}, "AccuracyMetric": {"acc": 0.851445}, "step": 10710, "epoch": 35}, "step": 10710, "epoch": 35}
Step:10710	{"metric": {"data_test": {"SpanFPreRecMetric": {"f": 0.533724, "pre": 0.636979, "rec": 0.459275}, "AccuracyMetric": {"acc": 0.843288}}}, "step": 10710, "epoch": 35}
Step:10710	{"metric": {"data_train": {"SpanFPreRecMetric": {"f": 0.553916, "pre": 0.655598, "rec": 0.47954}, "AccuracyMetric": {"acc": 0.84504}}}, "step": 10710, "epoch": 35}
Step:11016	{"metric": {"SpanFPreRecMetric": {"f": 0.316471, "pre": 0.828982, "rec": 0.195565}, "AccuracyMetric": {"acc": 0.807102}}, "step": 11016, "epoch": 36}
Step:11016	{"metric": {"data_test": {"SpanFPreRecMetric": {"f": 0.29429, "pre": 0.803481, "rec": 0.180133}, "AccuracyMetric": {"acc": 0.800776}}}, "step": 11016, "epoch": 36}
Step:11016	{"metric": {"data_train": {"SpanFPreRecMetric": {"f": 0.321471, "pre": 0.812296, "rec": 0.200388}, "AccuracyMetric": {"acc": 0.802012}}}, "step": 11016, "epoch": 36}
Step:11322	{"metric": {"SpanFPreRecMetric": {"f": 0.570246, "pre": 0.707668, "rec": 0.477518}, "AccuracyMetric": {"acc": 0.856413}, "step": 11322, "epoch": 37}, "step": 11322, "epoch": 37}
Step:11322	{"metric": {"data_test": {"SpanFPreRecMetric": {"f": 0.544055, "pre": 0.679241, "rec": 0.453747}, "AccuracyMetric": {"acc": 0.847473}}}, "step": 11322, "epoch": 37}
Step:11322	{"metric": {"data_train": {"SpanFPreRecMetric": {"f": 0.559868, "pre": 0.691321, "rec": 0.47042}, "AccuracyMetric": {"acc": 0.848148}}}, "step": 11322, "epoch": 37}
Step:11628	{"metric": {"SpanFPreRecMetric": {"f": 0.58005, "pre": 0.658962, "rec": 0.518017}, "AccuracyMetric": {"acc": 0.8528}, "step": 11628, "epoch": 38}, "step": 11628, "epoch": 38}
Step:11628	{"metric": {"data_test": {"SpanFPreRecMetric": {"f": 0.548966, "pre": 0.63188, "rec": 0.485287}, "AccuracyMetric": {"acc": 0.844676}}}, "step": 11628, "epoch": 38}
Step:11628	{"metric": {"data_train": {"SpanFPreRecMetric": {"f": 0.571217, "pre": 0.650178, "rec": 0.509358}, "AccuracyMetric": {"acc": 0.846616}}}, "step": 11628, "epoch": 38}
Step:11934	{"metric": {"SpanFPreRecMetric": {"f": 0.53022, "pre": 0.759403, "rec": 0.407299}, "AccuracyMetric": {"acc": 0.842832}}, "step": 11934, "epoch": 39}
Step:11934	{"metric": {"data_test": {"SpanFPreRecMetric": {"f": 0.506208, "pre": 0.728912, "rec": 0.387742}, "AccuracyMetric": {"acc": 0.835624}}}, "step": 11934, "epoch": 39}
Step:11934	{"metric": {"data_train": {"SpanFPreRecMetric": {"f": 0.52838, "pre": 0.740577, "rec": 0.410701}, "AccuracyMetric": {"acc": 0.836891}}}, "step": 11934, "epoch": 39}
Step:12240	{"metric": {"SpanFPreRecMetric": {"f": 0.577034, "pre": 0.698861, "rec": 0.491377}, "AccuracyMetric": {"acc": 0.859919}}, "step": 12240, "epoch": 40}
Step:12240	{"metric": {"data_test": {"SpanFPreRecMetric": {"f": 0.545857, "pre": 0.669898, "rec": 0.460576}, "AccuracyMetric": {"acc": 0.849617}}}, "step": 12240, "epoch": 40}
Step:12240	{"metric": {"data_train": {"SpanFPreRecMetric": {"f": 0.568761, "pre": 0.689477, "rec": 0.484018}, "AccuracyMetric": {"acc": 0.852232}}}, "step": 12240, "epoch": 40}
Step:12546	{"metric": {"SpanFPreRecMetric": {"f": 0.595731, "pre": 0.640894, "rec": 0.556514}, "AccuracyMetric": {"acc": 0.849648}, "step": 12546, "epoch": 41}, "step": 12546, "epoch": 41}
Step:12546	{"metric": {"data_test": {"SpanFPreRecMetric": {"f": 0.560999, "pre": 0.611154, "rec": 0.518452}, "AccuracyMetric": {"acc": 0.842236}}}, "step": 12546, "epoch": 41}
Step:12546	{"metric": {"data_train": {"SpanFPreRecMetric": {"f": 0.585292, "pre": 0.630891, "rec": 0.545841}, "AccuracyMetric": {"acc": 0.846569}}}, "step": 12546, "epoch": 41}
Step:12852	{"metric": {"SpanFPreRecMetric": {"f": 0.6, "pre": 0.622763, "rec": 0.578842}, "AccuracyMetric": {"acc": 0.845914}, "step": 12852, "epoch": 42}, "step": 12852, "epoch": 42}
Step:12852	{"metric": {"data_test": {"SpanFPreRecMetric": {"f": 0.567215, "pre": 0.596237, "rec": 0.540888}, "AccuracyMetric": {"acc": 0.839048}}}, "step": 12852, "epoch": 42}
Step:12852	{"metric": {"data_train": {"SpanFPreRecMetric": {"f": 0.588332, "pre": 0.611486, "rec": 0.566868}, "AccuracyMetric": {"acc": 0.843459}}}, "step": 12852, "epoch": 42}
Step:13158	{"metric": {"SpanFPreRecMetric": {"f": 0.589965, "pre": 0.596133, "rec": 0.583924}, "AccuracyMetric": {"acc": 0.820721}}, "step": 13158, "epoch": 43}
Step:13158	{"metric": {"data_test": {"SpanFPreRecMetric": {"f": 0.55227, "pre": 0.566279, "rec": 0.538937}, "AccuracyMetric": {"acc": 0.809134}}}, "step": 13158, "epoch": 43}
Step:13158	{"metric": {"data_train": {"SpanFPreRecMetric": {"f": 0.580296, "pre": 0.589048, "rec": 0.5718}, "AccuracyMetric": {"acc": 0.821079}}}, "step": 13158, "epoch": 43}
Step:13464	{"metric": {"SpanFPreRecMetric": {"f": 0.602563, "pre": 0.641133, "rec": 0.568371}, "AccuracyMetric": {"acc": 0.848775}, "step": 13464, "epoch": 44}, "step": 13464, "epoch": 44}
Step:13464	{"metric": {"data_test": {"SpanFPreRecMetric": {"f": 0.566028, "pre": 0.612964, "rec": 0.525768}, "AccuracyMetric": {"acc": 0.839762}}}, "step": 13464, "epoch": 44}
Step:13464	{"metric": {"data_train": {"SpanFPreRecMetric": {"f": 0.592256, "pre": 0.633631, "rec": 0.555952}, "AccuracyMetric": {"acc": 0.847456}}}, "step": 13464, "epoch": 44}
Step:13770	{"metric": {"SpanFPreRecMetric": {"f": 0.607817, "pre": 0.65747, "rec": 0.565137}, "AccuracyMetric": {"acc": 0.855515}, "step": 13770, "epoch": 45}, "step": 13770, "epoch": 45}
Step:13770	{"metric": {"data_test": {"SpanFPreRecMetric": {"f": 0.569124, "pre": 0.62556, "rec": 0.522029}, "AccuracyMetric": {"acc": 0.8456}}}, "step": 13770, "epoch": 45}
Step:13770	{"metric": {"data_train": {"SpanFPreRecMetric": {"f": 0.594683, "pre": 0.647026, "rec": 0.550174}, "AccuracyMetric": {"acc": 0.85209}}}, "step": 13770, "epoch": 45}
Step:14076	{"metric": {"SpanFPreRecMetric": {"f": 0.571591, "pre": 0.74383, "rec": 0.464121}, "AccuracyMetric": {"acc": 0.860679}}, "step": 14076, "epoch": 46}
Step:14076	{"metric": {"data_test": {"SpanFPreRecMetric": {"f": 0.539772, "pre": 0.710456, "rec": 0.435214}, "AccuracyMetric": {"acc": 0.850237}}}, "step": 14076, "epoch": 46}
Step:14076	{"metric": {"data_train": {"SpanFPreRecMetric": {"f": 0.563141, "pre": 0.729586, "rec": 0.458534}, "AccuracyMetric": {"acc": 0.852561}}}, "step": 14076, "epoch": 46}
Step:14382	{"metric": {"SpanFPreRecMetric": {"f": 0.554713, "pre": 0.769609, "rec": 0.433631}, "AccuracyMetric": {"acc": 0.85335}}, "step": 14382, "epoch": 47}
Step:14382	{"metric": {"data_test": {"SpanFPreRecMetric": {"f": 0.525909, "pre": 0.73575, "rec": 0.409202}, "AccuracyMetric": {"acc": 0.843854}}}, "step": 14382, "epoch": 47}
Step:14382	{"metric": {"data_train": {"SpanFPreRecMetric": {"f": 0.548573, "pre": 0.755347, "rec": 0.430676}, "AccuracyMetric": {"acc": 0.846621}}}, "step": 14382, "epoch": 47}
Step:14688	{"metric": {"SpanFPreRecMetric": {"f": 0.562258, "pre": 0.759298, "rec": 0.446412}, "AccuracyMetric": {"acc": 0.858166}}, "step": 14688, "epoch": 48}
Step:14688	{"metric": {"data_test": {"SpanFPreRecMetric": {"f": 0.532537, "pre": 0.726201, "rec": 0.420419}, "AccuracyMetric": {"acc": 0.849354}}}, "step": 14688, "epoch": 48}
Step:14688	{"metric": {"data_train": {"SpanFPreRecMetric": {"f": 0.556381, "pre": 0.748187, "rec": 0.442851}, "AccuracyMetric": {"acc": 0.851501}}}, "step": 14688, "epoch": 48}
Step:14994	{"metric": {"SpanFPreRecMetric": {"f": 0.552221, "pre": 0.769252, "rec": 0.430705}, "AccuracyMetric": {"acc": 0.855243}}, "step": 14994, "epoch": 49}
Step:14994	{"metric": {"data_test": {"SpanFPreRecMetric": {"f": 0.526018, "pre": 0.741497, "rec": 0.407576}, "AccuracyMetric": {"acc": 0.847096}}}, "step": 14994, "epoch": 49}
Step:14994	{"metric": {"data_train": {"SpanFPreRecMetric": {"f": 0.548386, "pre": 0.75918, "rec": 0.429211}, "AccuracyMetric": {"acc": 0.848653}}}, "step": 14994, "epoch": 49}
Step:15300	{"metric": {"SpanFPreRecMetric": {"f": 0.614409, "pre": 0.670921, "rec": 0.566677}, "AccuracyMetric": {"acc": 0.859065}, "step": 15300, "epoch": 50}, "step": 15300, "epoch": 50}
Step:15300	{"metric": {"data_test": {"SpanFPreRecMetric": {"f": 0.575299, "pre": 0.636561, "rec": 0.524793}, "AccuracyMetric": {"acc": 0.848559}}}, "step": 15300, "epoch": 50}
Step:15300	{"metric": {"data_train": {"SpanFPreRecMetric": {"f": 0.606471, "pre": 0.664259, "rec": 0.557933}, "AccuracyMetric": {"acc": 0.856533}}}, "step": 15300, "epoch": 50}
Step:15606	{"metric": {"SpanFPreRecMetric": {"f": 0.615459, "pre": 0.642749, "rec": 0.590391}, "AccuracyMetric": {"acc": 0.850667}, "step": 15606, "epoch": 51}, "step": 15606, "epoch": 51}
Step:15606	{"metric": {"data_test": {"SpanFPreRecMetric": {"f": 0.581828, "pre": 0.617986, "rec": 0.549667}, "AccuracyMetric": {"acc": 0.84502}}}, "step": 15606, "epoch": 51}
Step:15606	{"metric": {"data_train": {"SpanFPreRecMetric": {"f": 0.608256, "pre": 0.637544, "rec": 0.58154}, "AccuracyMetric": {"acc": 0.849774}}}, "step": 15606, "epoch": 51}
Step:15912	{"metric": {"SpanFPreRecMetric": {"f": 0.612485, "pre": 0.711116, "rec": 0.537881}, "AccuracyMetric": {"acc": 0.86845}}, "step": 15912, "epoch": 52}
Step:15912	{"metric": {"data_test": {"SpanFPreRecMetric": {"f": 0.574474, "pre": 0.676056, "rec": 0.499431}, "AccuracyMetric": {"acc": 0.857038}}}, "step": 15912, "epoch": 52}
Step:15912	{"metric": {"data_train": {"SpanFPreRecMetric": {"f": 0.604229, "pre": 0.702902, "rec": 0.529849}, "AccuracyMetric": {"acc": 0.862866}}}, "step": 15912, "epoch": 52}
Step:16218	{"metric": {"SpanFPreRecMetric": {"f": 0.589624, "pre": 0.75239, "rec": 0.484755}, "AccuracyMetric": {"acc": 0.865533}}, "step": 16218, "epoch": 53}
Step:16218	{"metric": {"data_test": {"SpanFPreRecMetric": {"f": 0.552758, "pre": 0.717138, "rec": 0.449683}, "AccuracyMetric": {"acc": 0.853432}}}, "step": 16218, "epoch": 53}
Step:16218	{"metric": {"data_train": {"SpanFPreRecMetric": {"f": 0.578455, "pre": 0.740274, "rec": 0.474691}, "AccuracyMetric": {"acc": 0.85696}}}, "step": 16218, "epoch": 53}
Step:16524	{"metric": {"SpanFPreRecMetric": {"f": 0.62411, "pre": 0.674964, "rec": 0.580382}, "AccuracyMetric": {"acc": 0.865241}, "step": 16524, "epoch": 54}, "step": 16524, "epoch": 54}
Step:16524	{"metric": {"data_test": {"SpanFPreRecMetric": {"f": 0.584675, "pre": 0.641429, "rec": 0.537148}, "AccuracyMetric": {"acc": 0.852987}}}, "step": 16524, "epoch": 54}
Step:16524	{"metric": {"data_train": {"SpanFPreRecMetric": {"f": 0.616179, "pre": 0.668874, "rec": 0.571181}, "AccuracyMetric": {"acc": 0.859794}}}, "step": 16524, "epoch": 54}
Step:16830	{"metric": {"SpanFPreRecMetric": {"f": 0.624525, "pre": 0.673859, "rec": 0.581922}, "AccuracyMetric": {"acc": 0.865343}, "step": 16830, "epoch": 55}, "step": 16830, "epoch": 55}
Step:16830	{"metric": {"data_test": {"SpanFPreRecMetric": {"f": 0.589284, "pre": 0.64465, "rec": 0.542676}, "AccuracyMetric": {"acc": 0.85476}}}, "step": 16830, "epoch": 55}
Step:16830	{"metric": {"data_train": {"SpanFPreRecMetric": {"f": 0.621562, "pre": 0.673498, "rec": 0.577062}, "AccuracyMetric": {"acc": 0.86283}}}, "step": 16830, "epoch": 55}
Step:17136	{"metric": {"SpanFPreRecMetric": {"f": 0.61433, "pre": 0.727906, "rec": 0.531414}, "AccuracyMetric": {"acc": 0.870646}}, "step": 17136, "epoch": 56}
Step:17136	{"metric": {"data_test": {"SpanFPreRecMetric": {"f": 0.577263, "pre": 0.694153, "rec": 0.494066}, "AccuracyMetric": {"acc": 0.858164}}}, "step": 17136, "epoch": 56}
Step:17136	{"metric": {"data_train": {"SpanFPreRecMetric": {"f": 0.606443, "pre": 0.718142, "rec": 0.524814}, "AccuracyMetric": {"acc": 0.863303}}}, "step": 17136, "epoch": 56}
Step:17442	{"metric": {"SpanFPreRecMetric": {"f": 0.619911, "pre": 0.71849, "rec": 0.545119}, "AccuracyMetric": {"acc": 0.869912}}, "step": 17442, "epoch": 57}
Step:17442	{"metric": {"data_test": {"SpanFPreRecMetric": {"f": 0.58283, "pre": 0.681087, "rec": 0.509348}, "AccuracyMetric": {"acc": 0.858433}}}, "step": 17442, "epoch": 57}
Step:17442	{"metric": {"data_train": {"SpanFPreRecMetric": {"f": 0.613434, "pre": 0.709945, "rec": 0.540022}, "AccuracyMetric": {"acc": 0.864772}}}, "step": 17442, "epoch": 57}
Step:17748	{"metric": {"SpanFPreRecMetric": {"f": 0.621186, "pre": 0.721385, "rec": 0.545427}, "AccuracyMetric": {"acc": 0.871798}}, "step": 17748, "epoch": 58}
Step:17748	{"metric": {"data_test": {"SpanFPreRecMetric": {"f": 0.582997, "pre": 0.688358, "rec": 0.505609}, "AccuracyMetric": {"acc": 0.857928}}}, "step": 17748, "epoch": 58}
Step:17748	{"metric": {"data_train": {"SpanFPreRecMetric": {"f": 0.610743, "pre": 0.710148, "rec": 0.53575}, "AccuracyMetric": {"acc": 0.863379}}}, "step": 17748, "epoch": 58}
Step:18054	{"metric": {"SpanFPreRecMetric": {"f": 0.6119, "pre": 0.734888, "rec": 0.524176}, "AccuracyMetric": {"acc": 0.870488}}, "step": 18054, "epoch": 59}
Step:18054	{"metric": {"data_test": {"SpanFPreRecMetric": {"f": 0.57868, "pre": 0.704196, "rec": 0.49114}, "AccuracyMetric": {"acc": 0.859397}}}, "step": 18054, "epoch": 59}
Step:18054	{"metric": {"data_train": {"SpanFPreRecMetric": {"f": 0.606833, "pre": 0.729727, "rec": 0.519366}, "AccuracyMetric": {"acc": 0.864055}}}, "step": 18054, "epoch": 59}
Step:18360	{"metric": {"SpanFPreRecMetric": {"f": 0.618888, "pre": 0.724979, "rec": 0.539883}, "AccuracyMetric": {"acc": 0.870798}}, "step": 18360, "epoch": 60}
Step:18360	{"metric": {"data_test": {"SpanFPreRecMetric": {"f": 0.584413, "pre": 0.691709, "rec": 0.505934}, "AccuracyMetric": {"acc": 0.858932}}}, "step": 18360, "epoch": 60}
Step:18360	{"metric": {"data_train": {"SpanFPreRecMetric": {"f": 0.613422, "pre": 0.719817, "rec": 0.53443}, "AccuracyMetric": {"acc": 0.865324}}}, "step": 18360, "epoch": 60}
Step:18666	{"metric": {"SpanFPreRecMetric": {"f": 0.620592, "pre": 0.728272, "rec": 0.540653}, "AccuracyMetric": {"acc": 0.871918}}, "step": 18666, "epoch": 61}
Step:18666	{"metric": {"data_test": {"SpanFPreRecMetric": {"f": 0.586654, "pre": 0.695255, "rec": 0.507397}, "AccuracyMetric": {"acc": 0.85999}}}, "step": 18666, "epoch": 61}
Step:18666	{"metric": {"data_train": {"SpanFPreRecMetric": {"f": 0.613691, "pre": 0.722024, "rec": 0.533625}, "AccuracyMetric": {"acc": 0.865482}}}, "step": 18666, "epoch": 61}
Step:18972	{"metric": {"SpanFPreRecMetric": {"f": 0.627379, "pre": 0.720216, "rec": 0.555744}, "AccuracyMetric": {"acc": 0.872412}, "step": 18972, "epoch": 62}, "step": 18972, "epoch": 62}
Step:18972	{"metric": {"data_test": {"SpanFPreRecMetric": {"f": 0.591771, "pre": 0.686106, "rec": 0.520241}, "AccuracyMetric": {"acc": 0.859801}}}, "step": 18972, "epoch": 62}
Step:18972	{"metric": {"data_train": {"SpanFPreRecMetric": {"f": 0.621982, "pre": 0.713645, "rec": 0.551185}, "AccuracyMetric": {"acc": 0.867917}}}, "step": 18972, "epoch": 62}
Step:19278	{"metric": {"SpanFPreRecMetric": {"f": 0.627288, "pre": 0.718173, "rec": 0.556822}, "AccuracyMetric": {"acc": 0.871943}}, "step": 19278, "epoch": 63}
Step:19278	{"metric": {"data_test": {"SpanFPreRecMetric": {"f": 0.590603, "pre": 0.683255, "rec": 0.520078}, "AccuracyMetric": {"acc": 0.859296}}}, "step": 19278, "epoch": 63}
Step:19278	{"metric": {"data_train": {"SpanFPreRecMetric": {"f": 0.622502, "pre": 0.712943, "rec": 0.552424}, "AccuracyMetric": {"acc": 0.867732}}}, "step": 19278, "epoch": 63}
Step:19584	{"metric": {"SpanFPreRecMetric": {"f": 0.606926, "pre": 0.755041, "rec": 0.507391}, "AccuracyMetric": {"acc": 0.86938}}, "step": 19584, "epoch": 64}
Step:19584	{"metric": {"data_test": {"SpanFPreRecMetric": {"f": 0.571457, "pre": 0.722595, "rec": 0.472606}, "AccuracyMetric": {"acc": 0.857496}}}, "step": 19584, "epoch": 64}
Step:19584	{"metric": {"data_train": {"SpanFPreRecMetric": {"f": 0.598905, "pre": 0.74707, "rec": 0.499783}, "AccuracyMetric": {"acc": 0.862008}}}, "step": 19584, "epoch": 64}
Step:19890	{"metric": {"SpanFPreRecMetric": {"f": 0.623511, "pre": 0.737795, "rec": 0.539883}, "AccuracyMetric": {"acc": 0.872715}}, "step": 19890, "epoch": 65}
Step:19890	{"metric": {"data_test": {"SpanFPreRecMetric": {"f": 0.587468, "pre": 0.70158, "rec": 0.505284}, "AccuracyMetric": {"acc": 0.859424}}}, "step": 19890, "epoch": 65}
Step:19890	{"metric": {"data_train": {"SpanFPreRecMetric": {"f": 0.617142, "pre": 0.729031, "rec": 0.535028}, "AccuracyMetric": {"acc": 0.866213}}}, "step": 19890, "epoch": 65}
Step:20196	{"metric": {"SpanFPreRecMetric": {"f": 0.633744, "pre": 0.707266, "rec": 0.574068}, "AccuracyMetric": {"acc": 0.873576}, "step": 20196, "epoch": 66}, "step": 20196, "epoch": 66}
Step:20196	{"metric": {"data_test": {"SpanFPreRecMetric": {"f": 0.596929, "pre": 0.671681, "rec": 0.537148}, "AccuracyMetric": {"acc": 0.859983}}}, "step": 20196, "epoch": 66}
Step:20196	{"metric": {"data_train": {"SpanFPreRecMetric": {"f": 0.628675, "pre": 0.700779, "rec": 0.570025}, "AccuracyMetric": {"acc": 0.868543}}}, "step": 20196, "epoch": 66}
Step:20502	{"metric": {"SpanFPreRecMetric": {"f": 0.631688, "pre": 0.723049, "rec": 0.560825}, "AccuracyMetric": {"acc": 0.873987}}, "step": 20502, "epoch": 67}
Step:20502	{"metric": {"data_test": {"SpanFPreRecMetric": {"f": 0.595387, "pre": 0.688206, "rec": 0.52463}, "AccuracyMetric": {"acc": 0.860833}}}, "step": 20502, "epoch": 67}
Step:20502	{"metric": {"data_train": {"SpanFPreRecMetric": {"f": 0.626042, "pre": 0.717213, "rec": 0.555436}, "AccuracyMetric": {"acc": 0.868824}}}, "step": 20502, "epoch": 67}
Step:20808	{"metric": {"SpanFPreRecMetric": {"f": 0.624934, "pre": 0.72692, "rec": 0.548044}, "AccuracyMetric": {"acc": 0.872526}}, "step": 20808, "epoch": 68}
Step:20808	{"metric": {"data_test": {"SpanFPreRecMetric": {"f": 0.588543, "pre": 0.692088, "rec": 0.511949}, "AccuracyMetric": {"acc": 0.861048}}}, "step": 20808, "epoch": 68}
Step:20808	{"metric": {"data_train": {"SpanFPreRecMetric": {"f": 0.619874, "pre": 0.723434, "rec": 0.54225}, "AccuracyMetric": {"acc": 0.868181}}}, "step": 20808, "epoch": 68}
Step:21114	{"metric": {"SpanFPreRecMetric": {"f": 0.624556, "pre": 0.738135, "rec": 0.541269}, "AccuracyMetric": {"acc": 0.873753}}, "step": 21114, "epoch": 69}
Step:21114	{"metric": {"data_test": {"SpanFPreRecMetric": {"f": 0.586998, "pre": 0.703704, "rec": 0.503495}, "AccuracyMetric": {"acc": 0.859512}}}, "step": 21114, "epoch": 69}
Step:21114	{"metric": {"data_train": {"SpanFPreRecMetric": {"f": 0.619449, "pre": 0.73484, "rec": 0.535379}, "AccuracyMetric": {"acc": 0.867717}}}, "step": 21114, "epoch": 69}
Step:21420	{"metric": {"SpanFPreRecMetric": {"f": 0.62985, "pre": 0.728081, "rec": 0.554974}, "AccuracyMetric": {"acc": 0.873779}}, "step": 21420, "epoch": 70}
Step:21420	{"metric": {"data_test": {"SpanFPreRecMetric": {"f": 0.594058, "pre": 0.692574, "rec": 0.520078}, "AccuracyMetric": {"acc": 0.860529}}}, "step": 21420, "epoch": 70}
Step:21420	{"metric": {"data_train": {"SpanFPreRecMetric": {"f": 0.625497, "pre": 0.721942, "rec": 0.551784}, "AccuracyMetric": {"acc": 0.869304}}}, "step": 21420, "epoch": 70}
Step:21726	{"metric": {"SpanFPreRecMetric": {"f": 0.629956, "pre": 0.736203, "rec": 0.550508}, "AccuracyMetric": {"acc": 0.874703}}, "step": 21726, "epoch": 71}
Step:21726	{"metric": {"data_test": {"SpanFPreRecMetric": {"f": 0.591879, "pre": 0.697157, "rec": 0.514225}, "AccuracyMetric": {"acc": 0.861419}}}, "step": 21726, "epoch": 71}
Step:21726	{"metric": {"data_train": {"SpanFPreRecMetric": {"f": 0.625185, "pre": 0.731778, "rec": 0.545697}, "AccuracyMetric": {"acc": 0.868878}}}, "step": 21726, "epoch": 71}
Step:22032	{"metric": {"SpanFPreRecMetric": {"f": 0.613722, "pre": 0.757404, "rec": 0.515861}, "AccuracyMetric": {"acc": 0.871943}}, "step": 22032, "epoch": 72}
Step:22032	{"metric": {"data_test": {"SpanFPreRecMetric": {"f": 0.579481, "pre": 0.724104, "rec": 0.483011}, "AccuracyMetric": {"acc": 0.858561}}}, "step": 22032, "epoch": 72}
Step:22032	{"metric": {"data_train": {"SpanFPreRecMetric": {"f": 0.607005, "pre": 0.752726, "rec": 0.508553}, "AccuracyMetric": {"acc": 0.864667}}}, "step": 22032, "epoch": 72}
Step:22338	{"metric": {"SpanFPreRecMetric": {"f": 0.644045, "pre": 0.704259, "rec": 0.593317}, "AccuracyMetric": {"acc": 0.874589}, "step": 22338, "epoch": 73}, "step": 22338, "epoch": 73}
Step:22338	{"metric": {"data_test": {"SpanFPreRecMetric": {"f": 0.609588, "pre": 0.67604, "rec": 0.555032}, "AccuracyMetric": {"acc": 0.862538}}}, "step": 22338, "epoch": 73}
Step:22338	{"metric": {"data_train": {"SpanFPreRecMetric": {"f": 0.639249, "pre": 0.702701, "rec": 0.586307}, "AccuracyMetric": {"acc": 0.870853}}}, "step": 22338, "epoch": 73}
Step:22644	{"metric": {"SpanFPreRecMetric": {"f": 0.637326, "pre": 0.701035, "rec": 0.584232}, "AccuracyMetric": {"acc": 0.872013}}, "step": 22644, "epoch": 74}
Step:22644	{"metric": {"data_test": {"SpanFPreRecMetric": {"f": 0.600874, "pre": 0.665941, "rec": 0.547391}, "AccuracyMetric": {"acc": 0.860502}}}, "step": 22644, "epoch": 74}
Step:22644	{"metric": {"data_train": {"SpanFPreRecMetric": {"f": 0.63428, "pre": 0.698882, "rec": 0.580611}, "AccuracyMetric": {"acc": 0.86978}}}, "step": 22644, "epoch": 74}
Step:22950	{"metric": {"SpanFPreRecMetric": {"f": 0.646982, "pre": 0.692173, "rec": 0.60733}, "AccuracyMetric": {"acc": 0.874551}, "step": 22950, "epoch": 75}, "step": 22950, "epoch": 75}
Step:22950	{"metric": {"data_test": {"SpanFPreRecMetric": {"f": 0.610995, "pre": 0.657063, "rec": 0.570964}, "AccuracyMetric": {"acc": 0.859363}}}, "step": 22950, "epoch": 75}
Step:22950	{"metric": {"data_train": {"SpanFPreRecMetric": {"f": 0.641602, "pre": 0.688171, "rec": 0.600937}, "AccuracyMetric": {"acc": 0.869325}}}, "step": 22950, "epoch": 75}
Step:23256	{"metric": {"SpanFPreRecMetric": {"f": 0.637454, "pre": 0.724652, "rec": 0.568987}, "AccuracyMetric": {"acc": 0.874051}}, "step": 23256, "epoch": 76}
Step:23256	{"metric": {"data_test": {"SpanFPreRecMetric": {"f": 0.603102, "pre": 0.692373, "rec": 0.534222}, "AccuracyMetric": {"acc": 0.862545}}}, "step": 23256, "epoch": 76}
Step:23256	{"metric": {"data_train": {"SpanFPreRecMetric": {"f": 0.634919, "pre": 0.723081, "rec": 0.565919}, "AccuracyMetric": {"acc": 0.871095}}}, "step": 23256, "epoch": 76}
Step:23562	{"metric": {"SpanFPreRecMetric": {"f": 0.648378, "pre": 0.707038, "rec": 0.598706}, "AccuracyMetric": {"acc": 0.875702}, "step": 23562, "epoch": 77}, "step": 23562, "epoch": 77}
Step:23562	{"metric": {"data_test": {"SpanFPreRecMetric": {"f": 0.613784, "pre": 0.677464, "rec": 0.561047}, "AccuracyMetric": {"acc": 0.863131}}}, "step": 23562, "epoch": 77}
Step:23562	{"metric": {"data_train": {"SpanFPreRecMetric": {"f": 0.643151, "pre": 0.705027, "rec": 0.591259}, "AccuracyMetric": {"acc": 0.872229}}}, "step": 23562, "epoch": 77}
Step:23868	{"metric": {"SpanFPreRecMetric": {"f": 0.653048, "pre": 0.69256, "rec": 0.617801}, "AccuracyMetric": {"acc": 0.876139}, "step": 23868, "epoch": 78}, "step": 23868, "epoch": 78}
Step:23868	{"metric": {"data_test": {"SpanFPreRecMetric": {"f": 0.615798, "pre": 0.659792, "rec": 0.577305}, "AccuracyMetric": {"acc": 0.859808}}}, "step": 23868, "epoch": 78}
Step:23868	{"metric": {"data_train": {"SpanFPreRecMetric": {"f": 0.647173, "pre": 0.688362, "rec": 0.610635}, "AccuracyMetric": {"acc": 0.871232}}}, "step": 23868, "epoch": 78}
Step:24174	{"metric": {"SpanFPreRecMetric": {"f": 0.63935, "pre": 0.728814, "rec": 0.569449}, "AccuracyMetric": {"acc": 0.876487}}, "step": 24174, "epoch": 79}
Step:24174	{"metric": {"data_test": {"SpanFPreRecMetric": {"f": 0.606083, "pre": 0.696957, "rec": 0.536173}, "AccuracyMetric": {"acc": 0.863057}}}, "step": 24174, "epoch": 79}
Step:24174	{"metric": {"data_train": {"SpanFPreRecMetric": {"f": 0.635121, "pre": 0.724857, "rec": 0.565155}, "AccuracyMetric": {"acc": 0.871806}}}, "step": 24174, "epoch": 79}
Step:24480	{"metric": {"SpanFPreRecMetric": {"f": 0.646497, "pre": 0.716426, "rec": 0.589005}, "AccuracyMetric": {"acc": 0.875658}}, "step": 24480, "epoch": 80}
Step:24480	{"metric": {"data_test": {"SpanFPreRecMetric": {"f": 0.612755, "pre": 0.685864, "rec": 0.553731}, "AccuracyMetric": {"acc": 0.863724}}}, "step": 24480, "epoch": 80}
Step:24480	{"metric": {"data_train": {"SpanFPreRecMetric": {"f": 0.642913, "pre": 0.7167, "rec": 0.582902}, "AccuracyMetric": {"acc": 0.872899}}}, "step": 24480, "epoch": 80}
Step:24786	{"metric": {"SpanFPreRecMetric": {"f": 0.639273, "pre": 0.729372, "rec": 0.568987}, "AccuracyMetric": {"acc": 0.875652}}, "step": 24786, "epoch": 81}
Step:24786	{"metric": {"data_test": {"SpanFPreRecMetric": {"f": 0.604176, "pre": 0.695763, "rec": 0.533897}, "AccuracyMetric": {"acc": 0.863529}}}, "step": 24786, "epoch": 81}
Step:24786	{"metric": {"data_train": {"SpanFPreRecMetric": {"f": 0.636392, "pre": 0.727869, "rec": 0.565341}, "AccuracyMetric": {"acc": 0.872664}}}, "step": 24786, "epoch": 81}
Step:25092	{"metric": {"SpanFPreRecMetric": {"f": 0.61878, "pre": 0.754095, "rec": 0.524638}, "AccuracyMetric": {"acc": 0.873165}}, "step": 25092, "epoch": 82}
Step:25092	{"metric": {"data_test": {"SpanFPreRecMetric": {"f": 0.583172, "pre": 0.719742, "rec": 0.490164}, "AccuracyMetric": {"acc": 0.858615}}}, "step": 25092, "epoch": 82}
Step:25092	{"metric": {"data_train": {"SpanFPreRecMetric": {"f": 0.617593, "pre": 0.753919, "rec": 0.523019}, "AccuracyMetric": {"acc": 0.868169}}}, "step": 25092, "epoch": 82}
Step:25398	{"metric": {"SpanFPreRecMetric": {"f": 0.628158, "pre": 0.713614, "rec": 0.560979}, "AccuracyMetric": {"acc": 0.870621}}, "step": 25398, "epoch": 83}
Step:25398	{"metric": {"data_test": {"SpanFPreRecMetric": {"f": 0.591112, "pre": 0.673669, "rec": 0.526581}, "AccuracyMetric": {"acc": 0.856627}}}, "step": 25398, "epoch": 83}
Step:25398	{"metric": {"data_train": {"SpanFPreRecMetric": {"f": 0.625094, "pre": 0.709401, "rec": 0.558697}, "AccuracyMetric": {"acc": 0.866682}}}, "step": 25398, "epoch": 83}
Step:25704	{"metric": {"SpanFPreRecMetric": {"f": 0.639429, "pre": 0.724279, "rec": 0.572374}, "AccuracyMetric": {"acc": 0.87519}}, "step": 25704, "epoch": 84}
Step:25704	{"metric": {"data_test": {"SpanFPreRecMetric": {"f": 0.607084, "pre": 0.692276, "rec": 0.540563}, "AccuracyMetric": {"acc": 0.863172}}}, "step": 25704, "epoch": 84}
Step:25704	{"metric": {"data_train": {"SpanFPreRecMetric": {"f": 0.640262, "pre": 0.725288, "rec": 0.573079}, "AccuracyMetric": {"acc": 0.872832}}}, "step": 25704, "epoch": 84}
Step:26010	{"metric": {"SpanFPreRecMetric": {"f": 0.649254, "pre": 0.716837, "rec": 0.593317}, "AccuracyMetric": {"acc": 0.877841}}, "step": 26010, "epoch": 85}
Step:26010	{"metric": {"data_test": {"SpanFPreRecMetric": {"f": 0.614037, "pre": 0.682161, "rec": 0.558283}, "AccuracyMetric": {"acc": 0.863286}}}, "step": 26010, "epoch": 85}
Step:26010	{"metric": {"data_train": {"SpanFPreRecMetric": {"f": 0.645366, "pre": 0.713768, "rec": 0.588927}, "AccuracyMetric": {"acc": 0.874172}}}, "step": 26010, "epoch": 85}
Step:26316	{"metric": {"SpanFPreRecMetric": {"f": 0.646337, "pre": 0.711091, "rec": 0.592393}, "AccuracyMetric": {"acc": 0.875937}}, "step": 26316, "epoch": 86}
Step:26316	{"metric": {"data_test": {"SpanFPreRecMetric": {"f": 0.611716, "pre": 0.678621, "rec": 0.55682}, "AccuracyMetric": {"acc": 0.86365}}}, "step": 26316, "epoch": 86}
Step:26316	{"metric": {"data_train": {"SpanFPreRecMetric": {"f": 0.644329, "pre": 0.711327, "rec": 0.588865}, "AccuracyMetric": {"acc": 0.873919}}}, "step": 26316, "epoch": 86}
Step:26622	{"metric": {"SpanFPreRecMetric": {"f": 0.647113, "pre": 0.714764, "rec": 0.591161}, "AccuracyMetric": {"acc": 0.876911}}, "step": 26622, "epoch": 87}
Step:26622	{"metric": {"data_test": {"SpanFPreRecMetric": {"f": 0.613553, "pre": 0.682669, "rec": 0.557145}, "AccuracyMetric": {"acc": 0.864142}}}, "step": 26622, "epoch": 87}
Step:26622	{"metric": {"data_train": {"SpanFPreRecMetric": {"f": 0.645545, "pre": 0.714633, "rec": 0.588638}, "AccuracyMetric": {"acc": 0.874513}}}, "step": 26622, "epoch": 87}
Step:26928	{"metric": {"SpanFPreRecMetric": {"f": 0.648251, "pre": 0.728986, "rec": 0.583616}, "AccuracyMetric": {"acc": 0.87762}}, "step": 26928, "epoch": 88}
Step:26928	{"metric": {"data_test": {"SpanFPreRecMetric": {"f": 0.614014, "pre": 0.696208, "rec": 0.549179}, "AccuracyMetric": {"acc": 0.864506}}}, "step": 26928, "epoch": 88}
Step:26928	{"metric": {"data_train": {"SpanFPreRecMetric": {"f": 0.643931, "pre": 0.727148, "rec": 0.577805}, "AccuracyMetric": {"acc": 0.87378}}}, "step": 26928, "epoch": 88}
Step:27234	{"metric": {"SpanFPreRecMetric": {"f": 0.650866, "pre": 0.716506, "rec": 0.596243}, "AccuracyMetric": {"acc": 0.878012}}, "step": 27234, "epoch": 89}
Step:27234	{"metric": {"data_test": {"SpanFPreRecMetric": {"f": 0.61713, "pre": 0.684701, "rec": 0.561697}, "AccuracyMetric": {"acc": 0.864331}}}, "step": 27234, "epoch": 89}
Step:27234	{"metric": {"data_train": {"SpanFPreRecMetric": {"f": 0.647504, "pre": 0.714549, "rec": 0.591961}, "AccuracyMetric": {"acc": 0.874599}}}, "step": 27234, "epoch": 89}
Step:27540	{"metric": {"SpanFPreRecMetric": {"f": 0.648804, "pre": 0.719131, "rec": 0.591007}, "AccuracyMetric": {"acc": 0.876835}}, "step": 27540, "epoch": 90}
Step:27540	{"metric": {"data_test": {"SpanFPreRecMetric": {"f": 0.612895, "pre": 0.685714, "rec": 0.554056}, "AccuracyMetric": {"acc": 0.863495}}}, "step": 27540, "epoch": 90}
Step:27540	{"metric": {"data_train": {"SpanFPreRecMetric": {"f": 0.646178, "pre": 0.719263, "rec": 0.586575}, "AccuracyMetric": {"acc": 0.874716}}}, "step": 27540, "epoch": 90}
Step:27846	{"metric": {"SpanFPreRecMetric": {"f": 0.64445, "pre": 0.723939, "rec": 0.58069}, "AccuracyMetric": {"acc": 0.875734}}, "step": 27846, "epoch": 91}
Step:27846	{"metric": {"data_test": {"SpanFPreRecMetric": {"f": 0.607305, "pre": 0.688363, "rec": 0.543326}, "AccuracyMetric": {"acc": 0.862835}}}, "step": 27846, "epoch": 91}
Step:27846	{"metric": {"data_train": {"SpanFPreRecMetric": {"f": 0.642362, "pre": 0.724685, "rec": 0.576835}, "AccuracyMetric": {"acc": 0.873822}}}, "step": 27846, "epoch": 91}
Step:28152	{"metric": {"SpanFPreRecMetric": {"f": 0.654654, "pre": 0.706638, "rec": 0.609794}, "AccuracyMetric": {"acc": 0.877323}, "step": 28152, "epoch": 92}, "step": 28152, "epoch": 92}
Step:28152	{"metric": {"data_test": {"SpanFPreRecMetric": {"f": 0.620593, "pre": 0.675795, "rec": 0.573728}, "AccuracyMetric": {"acc": 0.863785}}}, "step": 28152, "epoch": 92}
Step:28152	{"metric": {"data_train": {"SpanFPreRecMetric": {"f": 0.652084, "pre": 0.707536, "rec": 0.604692}, "AccuracyMetric": {"acc": 0.87501}}}, "step": 28152, "epoch": 92}
Step:28458	{"metric": {"SpanFPreRecMetric": {"f": 0.654733, "pre": 0.712706, "rec": 0.605482}, "AccuracyMetric": {"acc": 0.878297}, "step": 28458, "epoch": 93}, "step": 28458, "epoch": 93}
Step:28458	{"metric": {"data_test": {"SpanFPreRecMetric": {"f": 0.620732, "pre": 0.680698, "rec": 0.570476}, "AccuracyMetric": {"acc": 0.864446}}}, "step": 28458, "epoch": 93}
Step:28458	{"metric": {"data_train": {"SpanFPreRecMetric": {"f": 0.651327, "pre": 0.711173, "rec": 0.600772}, "AccuracyMetric": {"acc": 0.874868}}}, "step": 28458, "epoch": 93}
Step:28764	{"metric": {"SpanFPreRecMetric": {"f": 0.654781, "pre": 0.709434, "rec": 0.607946}, "AccuracyMetric": {"acc": 0.877747}, "step": 28764, "epoch": 94}, "step": 28764, "epoch": 94}
Step:28764	{"metric": {"data_test": {"SpanFPreRecMetric": {"f": 0.619626, "pre": 0.676216, "rec": 0.571777}, "AccuracyMetric": {"acc": 0.863832}}}, "step": 28764, "epoch": 94}
Step:28764	{"metric": {"data_train": {"SpanFPreRecMetric": {"f": 0.65112, "pre": 0.708868, "rec": 0.602072}, "AccuracyMetric": {"acc": 0.875547}}}, "step": 28764, "epoch": 94}
Step:29070	{"metric": {"SpanFPreRecMetric": {"f": 0.646048, "pre": 0.730665, "rec": 0.578996}, "AccuracyMetric": {"acc": 0.878221}}, "step": 29070, "epoch": 95}
Step:29070	{"metric": {"data_test": {"SpanFPreRecMetric": {"f": 0.611415, "pre": 0.696076, "rec": 0.545115}, "AccuracyMetric": {"acc": 0.86421}}}, "step": 29070, "epoch": 95}
Step:29070	{"metric": {"data_train": {"SpanFPreRecMetric": {"f": 0.643963, "pre": 0.730527, "rec": 0.575741}, "AccuracyMetric": {"acc": 0.874706}}}, "step": 29070, "epoch": 95}
Step:29376	{"metric": {"SpanFPreRecMetric": {"f": 0.645906, "pre": 0.72666, "rec": 0.581306}, "AccuracyMetric": {"acc": 0.876481}}, "step": 29376, "epoch": 96}
Step:29376	{"metric": {"data_test": {"SpanFPreRecMetric": {"f": 0.614854, "pre": 0.695242, "rec": 0.55113}, "AccuracyMetric": {"acc": 0.863879}}}, "step": 29376, "epoch": 96}
Step:29376	{"metric": {"data_train": {"SpanFPreRecMetric": {"f": 0.645941, "pre": 0.729661, "rec": 0.579456}, "AccuracyMetric": {"acc": 0.874906}}}, "step": 29376, "epoch": 96}
Step:29682	{"metric": {"SpanFPreRecMetric": {"f": 0.640518, "pre": 0.742289, "rec": 0.563289}, "AccuracyMetric": {"acc": 0.875854}}, "step": 29682, "epoch": 97}
Step:29682	{"metric": {"data_test": {"SpanFPreRecMetric": {"f": 0.604114, "pre": 0.706664, "rec": 0.527556}, "AccuracyMetric": {"acc": 0.863097}}}, "step": 29682, "epoch": 97}
Step:29682	{"metric": {"data_train": {"SpanFPreRecMetric": {"f": 0.640133, "pre": 0.744588, "rec": 0.561379}, "AccuracyMetric": {"acc": 0.873883}}}, "step": 29682, "epoch": 97}
Step:29988	{"metric": {"SpanFPreRecMetric": {"f": 0.648246, "pre": 0.729215, "rec": 0.583462}, "AccuracyMetric": {"acc": 0.877234}}, "step": 29988, "epoch": 98}
Step:29988	{"metric": {"data_test": {"SpanFPreRecMetric": {"f": 0.613748, "pre": 0.696307, "rec": 0.548691}, "AccuracyMetric": {"acc": 0.863751}}}, "step": 29988, "epoch": 98}
Step:29988	{"metric": {"data_train": {"SpanFPreRecMetric": {"f": 0.646496, "pre": 0.730849, "rec": 0.5796}, "AccuracyMetric": {"acc": 0.874979}}}, "step": 29988, "epoch": 98}
Step:30294	{"metric": {"SpanFPreRecMetric": {"f": 0.645602, "pre": 0.737248, "rec": 0.574222}, "AccuracyMetric": {"acc": 0.877044}}, "step": 30294, "epoch": 99}
Step:30294	{"metric": {"data_test": {"SpanFPreRecMetric": {"f": 0.610646, "pre": 0.702708, "rec": 0.539912}, "AccuracyMetric": {"acc": 0.864237}}}, "step": 30294, "epoch": 99}
Step:30294	{"metric": {"data_train": {"SpanFPreRecMetric": {"f": 0.643894, "pre": 0.737443, "rec": 0.571408}, "AccuracyMetric": {"acc": 0.874427}}}, "step": 30294, "epoch": 99}
Step:30600	{"metric": {"SpanFPreRecMetric": {"f": 0.654436, "pre": 0.717619, "rec": 0.601478}, "AccuracyMetric": {"acc": 0.878949}}, "step": 30600, "epoch": 100}
Step:30600	{"metric": {"data_test": {"SpanFPreRecMetric": {"f": 0.620087, "pre": 0.686193, "rec": 0.565599}, "AccuracyMetric": {"acc": 0.865241}}}, "step": 30600, "epoch": 100}
Step:30600	{"metric": {"data_train": {"SpanFPreRecMetric": {"f": 0.651823, "pre": 0.718397, "rec": 0.596542}, "AccuracyMetric": {"acc": 0.876256}}}, "step": 30600, "epoch": 100}
